This is pdfTeX, Version 3.14159265-2.6-1.40.16 (MiKTeX 2.9) (preloaded format=pdflatex 2015.11.28)  7 JUN 2016 13:33
entering extended mode
**dokumentacja.tex
(dokumentacja.tex
LaTeX2e <2015/01/01> patch level 2
Babel <3.9m> and hyphenation patterns for 69 languages loaded.
("C:\Program Files (x86)\MiKTeX 2.9\tex\latex\base\article.cls"
Document Class: article 2014/09/29 v1.4h Standard LaTeX document class
("C:\Program Files (x86)\MiKTeX 2.9\tex\latex\base\size11.clo"
File: size11.clo 2014/09/29 v1.4h Standard LaTeX file (size option)
)
\c@part=\count79
\c@section=\count80
\c@subsection=\count81
\c@subsubsection=\count82
\c@paragraph=\count83
\c@subparagraph=\count84
\c@figure=\count85
\c@table=\count86
\abovecaptionskip=\skip41
\belowcaptionskip=\skip42
\bibindent=\dimen102
)
("C:\Program Files (x86)\MiKTeX 2.9\tex\latex\geometry\geometry.sty"
Package: geometry 2010/09/12 v5.6 Page Geometry

("C:\Program Files (x86)\MiKTeX 2.9\tex\latex\graphics\keyval.sty"
Package: keyval 2014/10/28 v1.15 key=value parser (DPC)
\KV@toks@=\toks14
)
("C:\Program Files (x86)\MiKTeX 2.9\tex\generic\oberdiek\ifpdf.sty"
Package: ifpdf 2011/01/30 v2.3 Provides the ifpdf switch (HO)
Package ifpdf Info: pdfTeX in PDF mode is detected.
)
("C:\Program Files (x86)\MiKTeX 2.9\tex\generic\oberdiek\ifvtex.sty"
Package: ifvtex 2010/03/01 v1.5 Detect VTeX and its facilities (HO)
Package ifvtex Info: VTeX not detected.
)
("C:\Program Files (x86)\MiKTeX 2.9\tex\generic\ifxetex\ifxetex.sty"
Package: ifxetex 2010/09/12 v0.6 Provides ifxetex conditional
)
\Gm@cnth=\count87
\Gm@cntv=\count88
\c@Gm@tempcnt=\count89
\Gm@bindingoffset=\dimen103
\Gm@wd@mp=\dimen104
\Gm@odd@mp=\dimen105
\Gm@even@mp=\dimen106
\Gm@layoutwidth=\dimen107
\Gm@layoutheight=\dimen108
\Gm@layouthoffset=\dimen109
\Gm@layoutvoffset=\dimen110
\Gm@dimlist=\toks15

("C:\Program Files (x86)\MiKTeX 2.9\tex\latex\geometry\geometry.cfg"))
("C:\Program Files (x86)\MiKTeX 2.9\tex\latex\base\inputenc.sty"
Package: inputenc 2015/03/17 v1.2c Input encoding file
\inpenc@prehook=\toks16
\inpenc@posthook=\toks17

("C:\Program Files (x86)\MiKTeX 2.9\tex\latex\base\utf8.def"
File: utf8.def 2015/06/27 v1.1n UTF-8 support for inputenc
Now handling font encoding OML ...
... no UTF-8 mapping file for font encoding OML
Now handling font encoding T1 ...
... processing UTF-8 mapping file for font encoding T1

("C:\Program Files (x86)\MiKTeX 2.9\tex\latex\base\t1enc.dfu"
File: t1enc.dfu 2015/06/27 v1.1n UTF-8 support for inputenc
   defining Unicode char U+00A1 (decimal 161)
   defining Unicode char U+00A3 (decimal 163)
   defining Unicode char U+00AB (decimal 171)
   defining Unicode char U+00BB (decimal 187)
   defining Unicode char U+00BF (decimal 191)
   defining Unicode char U+00C0 (decimal 192)
   defining Unicode char U+00C1 (decimal 193)
   defining Unicode char U+00C2 (decimal 194)
   defining Unicode char U+00C3 (decimal 195)
   defining Unicode char U+00C4 (decimal 196)
   defining Unicode char U+00C5 (decimal 197)
   defining Unicode char U+00C6 (decimal 198)
   defining Unicode char U+00C7 (decimal 199)
   defining Unicode char U+00C8 (decimal 200)
   defining Unicode char U+00C9 (decimal 201)
   defining Unicode char U+00CA (decimal 202)
   defining Unicode char U+00CB (decimal 203)
   defining Unicode char U+00CC (decimal 204)
   defining Unicode char U+00CD (decimal 205)
   defining Unicode char U+00CE (decimal 206)
   defining Unicode char U+00CF (decimal 207)
   defining Unicode char U+00D0 (decimal 208)
   defining Unicode char U+00D1 (decimal 209)
   defining Unicode char U+00D2 (decimal 210)
   defining Unicode char U+00D3 (decimal 211)
   defining Unicode char U+00D4 (decimal 212)
   defining Unicode char U+00D5 (decimal 213)
   defining Unicode char U+00D6 (decimal 214)
   defining Unicode char U+00D8 (decimal 216)
   defining Unicode char U+00D9 (decimal 217)
   defining Unicode char U+00DA (decimal 218)
   defining Unicode char U+00DB (decimal 219)
   defining Unicode char U+00DC (decimal 220)
   defining Unicode char U+00DD (decimal 221)
   defining Unicode char U+00DE (decimal 222)
   defining Unicode char U+00DF (decimal 223)
   defining Unicode char U+00E0 (decimal 224)
   defining Unicode char U+00E1 (decimal 225)
   defining Unicode char U+00E2 (decimal 226)
   defining Unicode char U+00E3 (decimal 227)
   defining Unicode char U+00E4 (decimal 228)
   defining Unicode char U+00E5 (decimal 229)
   defining Unicode char U+00E6 (decimal 230)
   defining Unicode char U+00E7 (decimal 231)
   defining Unicode char U+00E8 (decimal 232)
   defining Unicode char U+00E9 (decimal 233)
   defining Unicode char U+00EA (decimal 234)
   defining Unicode char U+00EB (decimal 235)
   defining Unicode char U+00EC (decimal 236)
   defining Unicode char U+00ED (decimal 237)
   defining Unicode char U+00EE (decimal 238)
   defining Unicode char U+00EF (decimal 239)
   defining Unicode char U+00F0 (decimal 240)
   defining Unicode char U+00F1 (decimal 241)
   defining Unicode char U+00F2 (decimal 242)
   defining Unicode char U+00F3 (decimal 243)
   defining Unicode char U+00F4 (decimal 244)
   defining Unicode char U+00F5 (decimal 245)
   defining Unicode char U+00F6 (decimal 246)
   defining Unicode char U+00F8 (decimal 248)
   defining Unicode char U+00F9 (decimal 249)
   defining Unicode char U+00FA (decimal 250)
   defining Unicode char U+00FB (decimal 251)
   defining Unicode char U+00FC (decimal 252)
   defining Unicode char U+00FD (decimal 253)
   defining Unicode char U+00FE (decimal 254)
   defining Unicode char U+00FF (decimal 255)
   defining Unicode char U+0102 (decimal 258)
   defining Unicode char U+0103 (decimal 259)
   defining Unicode char U+0104 (decimal 260)
   defining Unicode char U+0105 (decimal 261)
   defining Unicode char U+0106 (decimal 262)
   defining Unicode char U+0107 (decimal 263)
   defining Unicode char U+010C (decimal 268)
   defining Unicode char U+010D (decimal 269)
   defining Unicode char U+010E (decimal 270)
   defining Unicode char U+010F (decimal 271)
   defining Unicode char U+0110 (decimal 272)
   defining Unicode char U+0111 (decimal 273)
   defining Unicode char U+0118 (decimal 280)
   defining Unicode char U+0119 (decimal 281)
   defining Unicode char U+011A (decimal 282)
   defining Unicode char U+011B (decimal 283)
   defining Unicode char U+011E (decimal 286)
   defining Unicode char U+011F (decimal 287)
   defining Unicode char U+0130 (decimal 304)
   defining Unicode char U+0131 (decimal 305)
   defining Unicode char U+0132 (decimal 306)
   defining Unicode char U+0133 (decimal 307)
   defining Unicode char U+0139 (decimal 313)
   defining Unicode char U+013A (decimal 314)
   defining Unicode char U+013D (decimal 317)
   defining Unicode char U+013E (decimal 318)
   defining Unicode char U+0141 (decimal 321)
   defining Unicode char U+0142 (decimal 322)
   defining Unicode char U+0143 (decimal 323)
   defining Unicode char U+0144 (decimal 324)
   defining Unicode char U+0147 (decimal 327)
   defining Unicode char U+0148 (decimal 328)
   defining Unicode char U+014A (decimal 330)
   defining Unicode char U+014B (decimal 331)
   defining Unicode char U+0150 (decimal 336)
   defining Unicode char U+0151 (decimal 337)
   defining Unicode char U+0152 (decimal 338)
   defining Unicode char U+0153 (decimal 339)
   defining Unicode char U+0154 (decimal 340)
   defining Unicode char U+0155 (decimal 341)
   defining Unicode char U+0158 (decimal 344)
   defining Unicode char U+0159 (decimal 345)
   defining Unicode char U+015A (decimal 346)
   defining Unicode char U+015B (decimal 347)
   defining Unicode char U+015E (decimal 350)
   defining Unicode char U+015F (decimal 351)
   defining Unicode char U+0160 (decimal 352)
   defining Unicode char U+0161 (decimal 353)
   defining Unicode char U+0162 (decimal 354)
   defining Unicode char U+0163 (decimal 355)
   defining Unicode char U+0164 (decimal 356)
   defining Unicode char U+0165 (decimal 357)
   defining Unicode char U+016E (decimal 366)
   defining Unicode char U+016F (decimal 367)
   defining Unicode char U+0170 (decimal 368)
   defining Unicode char U+0171 (decimal 369)
   defining Unicode char U+0178 (decimal 376)
   defining Unicode char U+0179 (decimal 377)
   defining Unicode char U+017A (decimal 378)
   defining Unicode char U+017B (decimal 379)
   defining Unicode char U+017C (decimal 380)
   defining Unicode char U+017D (decimal 381)
   defining Unicode char U+017E (decimal 382)
   defining Unicode char U+200C (decimal 8204)
   defining Unicode char U+2013 (decimal 8211)
   defining Unicode char U+2014 (decimal 8212)
   defining Unicode char U+2018 (decimal 8216)
   defining Unicode char U+2019 (decimal 8217)
   defining Unicode char U+201A (decimal 8218)
   defining Unicode char U+201C (decimal 8220)
   defining Unicode char U+201D (decimal 8221)
   defining Unicode char U+201E (decimal 8222)
   defining Unicode char U+2030 (decimal 8240)
   defining Unicode char U+2031 (decimal 8241)
   defining Unicode char U+2039 (decimal 8249)
   defining Unicode char U+203A (decimal 8250)
   defining Unicode char U+2423 (decimal 9251)
)
Now handling font encoding OT1 ...
... processing UTF-8 mapping file for font encoding OT1

("C:\Program Files (x86)\MiKTeX 2.9\tex\latex\base\ot1enc.dfu"
File: ot1enc.dfu 2015/06/27 v1.1n UTF-8 support for inputenc
   defining Unicode char U+00A1 (decimal 161)
   defining Unicode char U+00A3 (decimal 163)
   defining Unicode char U+00B8 (decimal 184)
   defining Unicode char U+00BF (decimal 191)
   defining Unicode char U+00C5 (decimal 197)
   defining Unicode char U+00C6 (decimal 198)
   defining Unicode char U+00D8 (decimal 216)
   defining Unicode char U+00DF (decimal 223)
   defining Unicode char U+00E6 (decimal 230)
   defining Unicode char U+00EC (decimal 236)
   defining Unicode char U+00ED (decimal 237)
   defining Unicode char U+00EE (decimal 238)
   defining Unicode char U+00EF (decimal 239)
   defining Unicode char U+00F8 (decimal 248)
   defining Unicode char U+0131 (decimal 305)
   defining Unicode char U+0141 (decimal 321)
   defining Unicode char U+0142 (decimal 322)
   defining Unicode char U+0152 (decimal 338)
   defining Unicode char U+0153 (decimal 339)
   defining Unicode char U+2013 (decimal 8211)
   defining Unicode char U+2014 (decimal 8212)
   defining Unicode char U+2018 (decimal 8216)
   defining Unicode char U+2019 (decimal 8217)
   defining Unicode char U+201C (decimal 8220)
   defining Unicode char U+201D (decimal 8221)
)
Now handling font encoding OMS ...
... processing UTF-8 mapping file for font encoding OMS

("C:\Program Files (x86)\MiKTeX 2.9\tex\latex\base\omsenc.dfu"
File: omsenc.dfu 2015/06/27 v1.1n UTF-8 support for inputenc
   defining Unicode char U+00A7 (decimal 167)
   defining Unicode char U+00B6 (decimal 182)
   defining Unicode char U+00B7 (decimal 183)
   defining Unicode char U+2020 (decimal 8224)
   defining Unicode char U+2021 (decimal 8225)
   defining Unicode char U+2022 (decimal 8226)
)
Now handling font encoding OMX ...
... no UTF-8 mapping file for font encoding OMX
Now handling font encoding U ...
... no UTF-8 mapping file for font encoding U
   defining Unicode char U+00A9 (decimal 169)
   defining Unicode char U+00AA (decimal 170)
   defining Unicode char U+00AE (decimal 174)
   defining Unicode char U+00BA (decimal 186)
   defining Unicode char U+02C6 (decimal 710)
   defining Unicode char U+02DC (decimal 732)
   defining Unicode char U+200C (decimal 8204)
   defining Unicode char U+2026 (decimal 8230)
   defining Unicode char U+2122 (decimal 8482)
   defining Unicode char U+2423 (decimal 9251)
))
("C:\Program Files (x86)\MiKTeX 2.9\tex\latex\base\fontenc.sty"
Package: fontenc 2005/09/27 v1.99g Standard LaTeX package

("C:\Program Files (x86)\MiKTeX 2.9\tex\latex\base\t1enc.def"
File: t1enc.def 2005/09/27 v1.99g Standard LaTeX file
LaTeX Font Info:    Redeclaring font encoding T1 on input line 48.
))
("C:\Program Files (x86)\MiKTeX 2.9\tex\latex\polski\polski.sty"
Package: polski 2008/02/24 v1.3.3 Polish language package

Document language package `polski' v1.3.3 <2008/02/24>
   Inputenc package detected. Catcodes not changed.
\l@nohyphenation=\language70
) ("C:\Program Files (x86)\MiKTeX 2.9\tex\latex\tools\indentfirst.sty"
Package: indentfirst 1995/11/23 v1.03 Indent first paragraph (DPC)
)
("C:\Program Files (x86)\MiKTeX 2.9\tex\latex\multirow\multirow.sty"
\bigstrutjot=\dimen111
)
("C:\Program Files (x86)\MiKTeX 2.9\tex\latex\graphics\graphicx.sty"
Package: graphicx 2014/10/28 v1.0g Enhanced LaTeX Graphics (DPC,SPQR)

("C:\Program Files (x86)\MiKTeX 2.9\tex\latex\graphics\graphics.sty"
Package: graphics 2014/10/28 v1.0p Standard LaTeX Graphics (DPC,SPQR)

("C:\Program Files (x86)\MiKTeX 2.9\tex\latex\graphics\trig.sty"
Package: trig 1999/03/16 v1.09 sin cos tan (DPC)
)
("C:\Program Files (x86)\MiKTeX 2.9\tex\latex\00miktex\graphics.cfg"
File: graphics.cfg 2007/01/18 v1.5 graphics configuration of teTeX/TeXLive
)
Package graphics Info: Driver file: pdftex.def on input line 94.

("C:\Program Files (x86)\MiKTeX 2.9\tex\latex\pdftex-def\pdftex.def"
File: pdftex.def 2011/05/27 v0.06d Graphics/color for pdfTeX

("C:\Program Files (x86)\MiKTeX 2.9\tex\generic\oberdiek\infwarerr.sty"
Package: infwarerr 2010/04/08 v1.3 Providing info/warning/error messages (HO)
)
("C:\Program Files (x86)\MiKTeX 2.9\tex\generic\oberdiek\ltxcmds.sty"
Package: ltxcmds 2011/11/09 v1.22 LaTeX kernel commands for general use (HO)
)
\Gread@gobject=\count90
))
\Gin@req@height=\dimen112
\Gin@req@width=\dimen113
)
("C:\Program Files (x86)\MiKTeX 2.9\tex\latex\subfig\subfig.sty"
Package: subfig 2005/06/28 ver: 1.3 subfig package

("C:\Program Files (x86)\MiKTeX 2.9\tex\latex\caption\caption.sty"
Package: caption 2015/09/17 v3.3-111 Customizing captions (AR)

("C:\Program Files (x86)\MiKTeX 2.9\tex\latex\caption\caption3.sty"
Package: caption3 2015/09/20 v1.7-115 caption3 kernel (AR)
Package caption3 Info: TeX engine: e-TeX on input line 57.
\captionmargin=\dimen114
\captionmargin@=\dimen115
\captionwidth=\dimen116
\caption@tempdima=\dimen117
\caption@indent=\dimen118
\caption@parindent=\dimen119
\caption@hangindent=\dimen120
)
\c@ContinuedFloat=\count91
)
\c@KVtest=\count92
\sf@farskip=\skip43
\sf@captopadj=\dimen121
\sf@capskip=\skip44
\sf@nearskip=\skip45
\c@subfigure=\count93
\c@subfigure@save=\count94
\c@lofdepth=\count95
\c@subtable=\count96
\c@subtable@save=\count97
\c@lotdepth=\count98
\sf@top=\skip46
\sf@bottom=\skip47
)
("C:\Program Files (x86)\MiKTeX 2.9\tex\latex\nowidow\nowidow.sty"
Package: nowidow 2011/09/20 1.0 Easily prevent widows and orphans
Package: nowidow 

("C:\Program Files (x86)\MiKTeX 2.9\tex\latex\oberdiek\kvoptions.sty"
Package: kvoptions 2011/06/30 v3.11 Key value format for package options (HO)

("C:\Program Files (x86)\MiKTeX 2.9\tex\generic\oberdiek\kvsetkeys.sty"
Package: kvsetkeys 2012/04/25 v1.16 Key value parser (HO)

("C:\Program Files (x86)\MiKTeX 2.9\tex\generic\oberdiek\etexcmds.sty"
Package: etexcmds 2011/02/16 v1.5 Avoid name clashes with e-TeX commands (HO)

("C:\Program Files (x86)\MiKTeX 2.9\tex\generic\oberdiek\ifluatex.sty"
Package: ifluatex 2010/03/01 v1.3 Provides the ifluatex switch (HO)
Package ifluatex Info: LuaTeX not detected.
)
Package etexcmds Info: Could not find \expanded.
(etexcmds)             That can mean that you are not using pdfTeX 1.50 or
(etexcmds)             that some package has redefined \expanded.
(etexcmds)             In the latter case, load this package earlier.
))))
("C:\Program Files (x86)\MiKTeX 2.9\tex\latex\titlesec\titletoc.sty"
Package: titletoc 2011/12/15 v1.6 TOC entries
\ttl@leftsep=\dimen122
)
("C:\Program Files (x86)\MiKTeX 2.9\tex\latex\listings\listings.sty"
\lst@mode=\count99
\lst@gtempboxa=\box26
\lst@token=\toks18
\lst@length=\count100
\lst@currlwidth=\dimen123
\lst@column=\count101
\lst@pos=\count102
\lst@lostspace=\dimen124
\lst@width=\dimen125
\lst@newlines=\count103
\lst@lineno=\count104
\lst@maxwidth=\dimen126

("C:\Program Files (x86)\MiKTeX 2.9\tex\latex\listings\lstmisc.sty"
File: lstmisc.sty 2015/06/04 1.6 (Carsten Heinz)
\c@lstnumber=\count105
\lst@skipnumbers=\count106
\lst@framebox=\box27
)
("C:\Program Files (x86)\MiKTeX 2.9\tex\latex\listings\listings.cfg"
File: listings.cfg 2015/06/04 1.6 listings configuration
))
Package: listings 2015/06/04 1.6 (Carsten Heinz)

("C:\Program Files (x86)\MiKTeX 2.9\tex\latex\graphics\color.sty"
Package: color 2014/10/28 v1.1a Standard LaTeX Color (DPC)

("C:\Program Files (x86)\MiKTeX 2.9\tex\latex\00miktex\color.cfg"
File: color.cfg 2007/01/18 v1.5 color configuration of teTeX/TeXLive
)
Package color Info: Driver file: pdftex.def on input line 142.
)
("C:\Program Files (x86)\MiKTeX 2.9\tex\latex\ltxmisc\relsize.sty"
Package: relsize 2003/07/04 ver 3.1
)
("C:\Program Files (x86)\MiKTeX 2.9\tex\latex\chngcntr\chngcntr.sty"
Package: chngcntr 2009/09/02 v1.0a change counter resetting
)
("C:\Program Files (x86)\MiKTeX 2.9\tex\latex\tools\longtable.sty"
Package: longtable 2014/10/28 v4.11 Multi-page Table package (DPC)
\LTleft=\skip48
\LTright=\skip49
\LTpre=\skip50
\LTpost=\skip51
\LTchunksize=\count107
\LTcapwidth=\dimen127
\LT@head=\box28
\LT@firsthead=\box29
\LT@foot=\box30
\LT@lastfoot=\box31
\LT@cols=\count108
\LT@rows=\count109
\c@LT@tables=\count110
\c@LT@chunks=\count111
\LT@p@ftn=\toks19
)
("C:\Program Files (x86)\MiKTeX 2.9\tex\latex\float\float.sty"
Package: float 2001/11/08 v1.3d Float enhancements (AL)
\c@float@type=\count112
\float@exts=\toks20
\float@box=\box32
\@float@everytoks=\toks21
\@floatcapt=\box33
)
("C:\Program Files (x86)\MiKTeX 2.9\tex\latex\xcolor\xcolor.sty"
Package: xcolor 2007/01/21 v2.11 LaTeX color extensions (UK)

("C:\Program Files (x86)\MiKTeX 2.9\tex\latex\00miktex\color.cfg"
File: color.cfg 2007/01/18 v1.5 color configuration of teTeX/TeXLive
)
Package xcolor Info: Driver file: pdftex.def on input line 225.

("C:\Program Files (x86)\MiKTeX 2.9\tex\latex\colortbl\colortbl.sty"
Package: colortbl 2012/02/13 v1.0a Color table columns (DPC)

("C:\Program Files (x86)\MiKTeX 2.9\tex\latex\tools\array.sty"
Package: array 2014/10/28 v2.4c Tabular extension package (FMi)
\col@sep=\dimen128
\extrarowheight=\dimen129
\NC@list=\toks22
\extratabsurround=\skip52
\backup@length=\skip53
)
\everycr=\toks23
\minrowclearance=\skip54
)
LaTeX Info: Redefining \color on input line 702.
\rownum=\count113
Package xcolor Info: Model `cmy' substituted by `cmy0' on input line 1337.
Package xcolor Info: Model `hsb' substituted by `rgb' on input line 1341.
Package xcolor Info: Model `RGB' extended on input line 1353.
Package xcolor Info: Model `HTML' substituted by `rgb' on input line 1355.
Package xcolor Info: Model `Hsb' substituted by `hsb' on input line 1356.
Package xcolor Info: Model `tHsb' substituted by `hsb' on input line 1357.
Package xcolor Info: Model `HSB' substituted by `hsb' on input line 1358.
Package xcolor Info: Model `Gray' substituted by `gray' on input line 1359.
Package xcolor Info: Model `wave' substituted by `hsb' on input line 1360.
)
("C:\Program Files (x86)\MiKTeX 2.9\tex\latex\rotating\rotating.sty"
Package: rotating 2009/03/28 v2.16a rotated objects in LaTeX

("C:\Program Files (x86)\MiKTeX 2.9\tex\latex\base\ifthen.sty"
Package: ifthen 2014/09/29 v1.1c Standard LaTeX ifthen package (DPC)
)
\c@r@tfl@t=\count114
\rotFPtop=\skip55
\rotFPbot=\skip56
\rot@float@box=\box34
\rot@mess@toks=\toks24
)
("C:\Program Files (x86)\MiKTeX 2.9\tex\latex\listings\lstlang1.sty"
File: lstlang1.sty 2015/06/04 1.6 listings language file
)
("C:\Program Files (x86)\MiKTeX 2.9\tex\latex\listings\lstlang1.sty"
File: lstlang1.sty 2015/06/04 1.6 listings language file
)
("C:\Program Files (x86)\MiKTeX 2.9\tex\latex\listings\lstmisc.sty"
File: lstmisc.sty 2015/06/04 1.6 (Carsten Heinz)
)
(dokumentacja.aux)
LaTeX Font Info:    Checking defaults for OML/cmm/m/it on input line 353.
LaTeX Font Info:    ... okay on input line 353.
LaTeX Font Info:    Checking defaults for T1/cmr/m/n on input line 353.
LaTeX Font Info:    ... okay on input line 353.
LaTeX Font Info:    Checking defaults for OT1/cmr/m/n on input line 353.
LaTeX Font Info:    ... okay on input line 353.
LaTeX Font Info:    Checking defaults for OMS/cmsy/m/n on input line 353.
LaTeX Font Info:    ... okay on input line 353.
LaTeX Font Info:    Checking defaults for OMX/cmex/m/n on input line 353.
LaTeX Font Info:    ... okay on input line 353.
LaTeX Font Info:    Checking defaults for U/cmr/m/n on input line 353.
LaTeX Font Info:    ... okay on input line 353.

*geometry* driver: auto-detecting
*geometry* detected driver: pdftex
*geometry* verbose mode - [ preamble ] result:
* driver: pdftex
* paper: a4paper
* layout: <same size as paper>
* layoutoffset:(h,v)=(0.0pt,0.0pt)
* modes: 
* h-part:(L,W,R)=(57.81621pt, 481.87546pt, 57.81621pt)
* v-part:(T,H,B)=(108.405pt, 628.23685pt, 108.405pt)
* \paperwidth=597.50787pt
* \paperheight=845.04684pt
* \textwidth=481.87546pt
* \textheight=628.23685pt
* \oddsidemargin=-14.45378pt
* \evensidemargin=-14.45378pt
* \topmargin=-0.86499pt
* \headheight=12.0pt
* \headsep=25.0pt
* \topskip=11.0pt
* \footskip=30.0pt
* \marginparwidth=50.0pt
* \marginparsep=10.0pt
* \columnsep=10.0pt
* \skip\footins=10.0pt plus 4.0pt minus 2.0pt
* \hoffset=0.0pt
* \voffset=0.0pt
* \mag=1000
* \@twocolumnfalse
* \@twosidefalse
* \@mparswitchfalse
* \@reversemarginfalse
* (1in=72.27pt=25.4mm, 1cm=28.453pt)

("C:\Program Files (x86)\MiKTeX 2.9\tex\context\base\supp-pdf.mkii"
[Loading MPS to PDF converter (version 2006.09.02).]
\scratchcounter=\count115
\scratchdimen=\dimen130
\scratchbox=\box35
\nofMPsegments=\count116
\nofMParguments=\count117
\everyMPshowfont=\toks25
\MPscratchCnt=\count118
\MPscratchDim=\dimen131
\MPnumerator=\count119
\makeMPintoPDFobject=\count120
\everyMPtoPDFconversion=\toks26
)
Package caption Info: Begin \AtBeginDocument code.
Package caption Info: subfig package v1.3 is loaded.
Package caption Info: float package is loaded.
Package caption Info: listings package is loaded.
Package caption Info: longtable package is loaded.
 ("C:\Program Files (x86)\MiKTeX 2.9\tex\latex\caption\ltcaption.sty"
Package: ltcaption 2013/06/09 v1.4-94 longtable captions (AR)
)
Package caption Info: rotating package is loaded.
Package caption Info: End \AtBeginDocument code.
\c@lstlisting=\count121
\@temphbadness=\count122
\@tempvbadness=\count123
\@temphfuzz=\skip57
\@temptextwidth=\skip58
\@temptextheight=\skip59
\@temptopmargin=\skip60
\@tempheadheight=\skip61
\@tempheadsep=\skip62
\@tempoddsidemargin=\skip63
\@tempevensidemargin=\skip64
LaTeX Font Info:    External font `cmex10' loaded for size
(Font)              <10.95> on input line 354.
LaTeX Font Info:    External font `cmex10' loaded for size
(Font)              <8> on input line 354.
LaTeX Font Info:    External font `cmex10' loaded for size
(Font)              <6> on input line 354.
\@tempheightkier=\skip65
\@tempheighttkier=\skip66
\@tempheightspec=\skip67
\@tempheighttspec=\skip68

[1

{C:/Users/macie_000/AppData/Local/MiKTeX/2.9/pdftex/config/pdftex.map}]
(dokumentacja.toc)
\tf@toc=\write3
 [1] [2]
LaTeX Font Info:    Try loading font information for OMS+cmr on input line 405.


("C:\Program Files (x86)\MiKTeX 2.9\tex\latex\base\omscmr.fd"
File: omscmr.fd 2014/09/29 v2.5h Standard LaTeX font definitions
)
LaTeX Font Info:    Font shape `OMS/cmr/m/n' in size <10.95> not available
(Font)              Font shape `OMS/cmsy/m/n' tried instead on input line 405.
 [3]
Underfull \hbox (badness 2564) in paragraph at lines 439--440
[]|\T1/cmr/m/n/10.95 Odpowiednia ko-mu-ni-ka-cja i
 []


Overfull \hbox (29.36444pt too wide) in paragraph at lines 428--451
 [][] 
 []


LaTeX Warning: `!h' float specifier changed to `!ht'.


Underfull \hbox (badness 2261) in paragraph at lines 464--465
\T1/cmr/m/n/10.95 cin-kach cza-su, prze-sza-co-wa-
 []


Underfull \hbox (badness 6236) in paragraph at lines 470--471
[]|\T1/cmr/m/n/10.95 Dogª¦bny re-se-arch, zmia-na
 []


Underfull \hbox (badness 10000) in paragraph at lines 472--473
[]|\T1/cmr/m/n/10.95 Zmiana li-de-ra, do-dat-ko-we
 []


Underfull \hbox (badness 3088) in paragraph at lines 474--474
[]|\T1/cmr/m/n/10.95 Brak syn-chro-ni-za-cji mi¦-dzy
 []


Underfull \hbox (badness 10000) in paragraph at lines 474--475
[]|\T1/cmr/m/n/10.95 Odpowiednie za-pla-no-wa-nie
 []


Underfull \hbox (badness 2875) in paragraph at lines 476--476
[]|\T1/cmr/m/n/10.95 Brak kom-pe-ten-cji czªon-ków
 []


Underfull \hbox (badness 3612) in paragraph at lines 478--479
[]|\T1/cmr/m/n/10.95 Regularna kon-ser-wa-cja, ko-
 []


Overfull \hbox (29.36444pt too wide) in paragraph at lines 457--488
 [][] 
 []

[4]
Overfull \vbox (19.68404pt too high) has occurred while \output is active []


[5]
Underfull \hbox (badness 10000) in paragraph at lines 502--502
[]|\T1/cmr/m/n/10.95 Nieoptymalne roz-wi¡-za-nia
 []


Underfull \hbox (badness 2564) in paragraph at lines 504--505
[]|\T1/cmr/m/n/10.95 Odpowiednia ko-mu-ni-ka-cja i
 []


Underfull \hbox (badness 2564) in paragraph at lines 508--509
[]|\T1/cmr/m/n/10.95 Odpowiednia ko-mu-ni-ka-cja i
 []


Underfull \hbox (badness 1968) in paragraph at lines 510--510
[]|\T1/cmr/m/n/10.95 Zmiany praw-ne po-wo-du-j¡-ce
 []


Underfull \hbox (badness 10000) in paragraph at lines 510--510
\T1/cmr/m/n/10.95 ko-niecz-no±¢ im-ple-men-ta-cji
 []


Underfull \hbox (badness 10000) in paragraph at lines 510--510
\T1/cmr/m/n/10.95 bar-dziej skom-pli-ko-wa-nych
 []


Underfull \hbox (badness 10000) in paragraph at lines 514--514
[]|\T1/cmr/m/n/10.95 Projekt jest nie-wy-ko-nal-ny
 []


Overfull \hbox (29.36444pt too wide) in paragraph at lines 494--523
 [][] 
 []

[6] <gannth1.png, id=33, 1950.53719pt x 470.50781pt>
File: gannth1.png Graphic file (type png)
 <use gannth1.png>
Package pdftex.def Info: gannth1.png used on input line 558.
(pdftex.def)             Requested size: 628.23239pt x 439.76462pt.
 [7]

LaTeX Warning: `!h' float specifier changed to `!ht'.

<gannth2.png, id=37, 2247.14531pt x 572.89032pt>
File: gannth2.png Graphic file (type png)
 <use gannth2.png>
Package pdftex.def Info: gannth2.png used on input line 565.
(pdftex.def)             Requested size: 628.23633pt x 439.77196pt.


LaTeX Warning: `!h' float specifier changed to `!ht'.

<gannth3.png, id=38, 2322.42656pt x 595.47469pt>
File: gannth3.png Graphic file (type png)
 <use gannth3.png>
Package pdftex.def Info: gannth3.png used on input line 572.
(pdftex.def)             Requested size: 628.23299pt x 439.763pt.


LaTeX Warning: `!h' float specifier changed to `!ht'.


Overfull \hbox (2.39264pt too wide) in paragraph at lines 582--599
 [][] 
 []

[8]
LaTeX Font Info:    Try loading font information for T1+cmtt on input line 611.

 ("C:\Program Files (x86)\MiKTeX 2.9\tex\latex\base\t1cmtt.fd"
File: t1cmtt.fd 2014/09/29 v2.5h Standard LaTeX font definitions
) [9]
<diagramTechnologii.png, id=45, 6594.6375pt x 5028.7875pt>
File: diagramTechnologii.png Graphic file (type png)

<use diagramTechnologii.png>
Package pdftex.def Info: diagramTechnologii.png used on input line 623.
(pdftex.def)             Requested size: 481.79698pt x 376.9126pt.
 [10]
<inetMgr.png, id=50, 761.09344pt x 389.95688pt>
File: inetMgr.png Graphic file (type png)
 <use inetMgr.png>
Package pdftex.def Info: inetMgr.png used on input line 634.
(pdftex.def)             Requested size: 481.88376pt x 376.96056pt.


LaTeX Warning: `!h' float specifier changed to `!ht'.

<somee1.png, id=51, 574.39594pt x 506.6428pt>
File: somee1.png Graphic file (type png)
 <use somee1.png>
Package pdftex.def Info: somee1.png used on input line 640.
(pdftex.def)             Requested size: 481.88452pt x 376.95073pt.

<somee2.png, id=52, 630.10406pt x 503.63156pt>
File: somee2.png Graphic file (type png)
 <use somee2.png>
Package pdftex.def Info: somee2.png used on input line 645.
(pdftex.def)             Requested size: 481.8742pt x 376.94658pt.

<vs2.png, id=53, 548.0475pt x 432.86719pt>
File: vs2.png Graphic file (type png)
 <use vs2.png>
Package pdftex.def Info: vs2.png used on input line 651.
(pdftex.def)             Requested size: 481.88188pt x 376.96129pt.

<vs3.png, id=54, 532.99126pt x 416.30531pt>
File: vs3.png Graphic file (type png)
 <use vs3.png>
Package pdftex.def Info: vs3.png used on input line 656.
(pdftex.def)             Requested size: 481.8917pt x 376.9645pt.

<db1.png, id=55, 587.19376pt x 503.63156pt>
File: db1.png Graphic file (type png)
 <use db1.png>
Package pdftex.def Info: db1.png used on input line 662.
(pdftex.def)             Requested size: 481.87831pt x 376.94658pt.

<db3.png, id=56, 339.51843pt x 496.85625pt>
File: db3.png Graphic file (type png)
 <use db3.png>
Package pdftex.def Info: db3.png used on input line 667.
(pdftex.def)             Requested size: 481.89677pt x 376.9475pt.

<db4.png, id=57, 527.72156pt x 268.75406pt>
File: db4.png Graphic file (type png)
 <use db4.png>
Package pdftex.def Info: db4.png used on input line 672.
(pdftex.def)             Requested size: 481.87006pt x 376.95026pt.
 [11 <./diagramTechnologii.png>]

LaTeX Warning: `!h' float specifier changed to `!ht'.


LaTeX Warning: `!h' float specifier changed to `!ht'.


LaTeX Warning: `!h' float specifier changed to `!ht'.


LaTeX Warning: `!h' float specifier changed to `!ht'.


LaTeX Warning: `!h' float specifier changed to `!ht'.


LaTeX Warning: `!h' float specifier changed to `!ht'.


LaTeX Warning: `!h' float specifier changed to `!ht'.


Overfull \hbox (13.21448pt too wide) in paragraph at lines 676--677
\T1/cmr/m/n/10.95 (\T1/cmtt/m/n/10.95 services_details.java, panel_services.jav
a, panel_components.java i LoginActivity.java\T1/cmr/m/n/10.95 )
 []

<serwisGlowna.png, id=61, 871.75688pt x 571.38469pt>
File: serwisGlowna.png Graphic file (type png)
 <use serwisGlowna.png>
Package pdftex.def Info: serwisGlowna.png used on input line 686.
(pdftex.def)             Requested size: 481.87541pt x 376.9494pt.


LaTeX Warning: `!h' float specifier changed to `!ht'.

<serwisOnas.png, id=63, 867.99281pt x 549.55313pt>
File: serwisOnas.png Graphic file (type png)
 <use serwisOnas.png>
Package pdftex.def Info: serwisOnas.png used on input line 693.
(pdftex.def)             Requested size: 481.8874pt x 376.95314pt.

<serwisRejestracja.png, id=64, 868.74562pt x 317.68687pt>
File: serwisRejestracja.png Graphic file (type png)

<use serwisRejestracja.png>
Package pdftex.def Info: serwisRejestracja.png used on input line 698.
(pdftex.def)             Requested size: 481.88115pt x 251.2995pt.

<serwisLogowanie.png, id=65, 876.27374pt x 289.08pt>
File: serwisLogowanie.png Graphic file (type png)
 <use serwisLogowanie.png>
Package pdftex.def Info: serwisLogowanie.png used on input line 703.
(pdftex.def)             Requested size: 481.8852pt x 188.47319pt.


LaTeX Warning: `!h' float specifier changed to `!ht'.


LaTeX Warning: `!h' float specifier changed to `!ht'.


LaTeX Warning: `!h' float specifier changed to `!ht'.

<serwisKlient.png, id=66, 863.47594pt x 216.05719pt>
File: serwisKlient.png Graphic file (type png)
 <use serwisKlient.png>
Package pdftex.def Info: serwisKlient.png used on input line 711.
(pdftex.def)             Requested size: 481.86993pt x 188.47922pt.


LaTeX Warning: `!h' float specifier changed to `!ht'.

<serwisWorker.png, id=67, 867.24pt x 511.15968pt>
File: serwisWorker.png Graphic file (type png)
 <use serwisWorker.png>
Package pdftex.def Info: serwisWorker.png used on input line 716.
(pdftex.def)             Requested size: 481.8797pt x 376.94188pt.


LaTeX Warning: `!h' float specifier changed to `!ht'.

<serwisZlecenia.png, id=68, 860.46469pt x 520.94624pt>
File: serwisZlecenia.png Graphic file (type png)

<use serwisZlecenia.png>
Package pdftex.def Info: serwisZlecenia.png used on input line 721.
(pdftex.def)             Requested size: 481.88321pt x 376.94902pt.


LaTeX Warning: `!h' float specifier changed to `!ht'.

<serwisAdmin.png, id=69, 866.48718pt x 687.31781pt>
File: serwisAdmin.png Graphic file (type png)
 <use serwisAdmin.png>
Package pdftex.def Info: serwisAdmin.png used on input line 729.
(pdftex.def)             Requested size: 481.88448pt x 376.94574pt.


LaTeX Warning: `!h' float specifier changed to `!ht'.

<startPolski.png, id=70, 1084.05pt x 1927.2pt>
File: startPolski.png Graphic file (type png)
 <use startPolski.png>
Package pdftex.def Info: startPolski.png used on input line 738.
(pdftex.def)             Requested size: 481.87968pt x 376.93465pt.
 [12]

LaTeX Warning: `!h' float specifier changed to `!ht'.

<logowaniePolski.png, id=75, 1084.05pt x 1927.2pt>
File: logowaniePolski.png Graphic file (type png)
 <use logowaniePolski.png>
Package pdftex.def Info: logowaniePolski.png used on input line 746.
(pdftex.def)             Requested size: 481.87968pt x 376.93465pt.


LaTeX Warning: `!h' float specifier changed to `!ht'.

<profilPolski.png, id=76, 1084.05pt x 1927.2pt>
File: profilPolski.png Graphic file (type png)
 <use profilPolski.png>
Package pdftex.def Info: profilPolski.png used on input line 754.
(pdftex.def)             Requested size: 481.87968pt x 376.93465pt.


LaTeX Warning: `!h' float specifier changed to `!ht'.

<zleceniaMobile.png, id=77, 1084.05pt x 1927.2pt>
File: zleceniaMobile.png Graphic file (type png)
 <use zleceniaMobile.png>
Package pdftex.def Info: zleceniaMobile.png used on input line 762.
(pdftex.def)             Requested size: 481.87968pt x 376.93465pt.


LaTeX Warning: `!h' float specifier changed to `!ht'.

[13] (dokumentacja.lof)
\tf@lof=\write4
 [14] (dokumentacja.lot)
\tf@lot=\write5
 [15] [16] [17 <./gannth1.png>]
[18 <./gannth2.png>] [19 <./gannth3.png>] [20 <./inetMgr.png>] [21 <./somee1.pn
g>] [22 <./somee2.png>] [23 <./vs2.png>] [24 <./vs3.png>] [25 <./db1.png>]
[26 <./db3.png>] [27 <./db4.png>] [28 <./serwisGlowna.png>] [29 <./serwisOnas.p
ng>] [30 <./serwisRejestracja.png> <./serwisLogowanie.png>] [31 <./serwisKlient
.png>] [32 <./serwisWorker.png>] [33 <./serwisZlecenia.png>] [34 <./serwisAdmin
.png>] [35 <./startPolski.png>] [36 <./logowaniePolski.png>] [37 <./profilPolsk
i.png>] [38 <./zleceniaMobile.png>] (dokumentacja.aux) ) 
Here is how much of TeX's memory you used:
 6327 strings out of 493673
 90568 string characters out of 3141517
 199753 words of memory out of 3000000
 9533 multiletter control sequences out of 15000+200000
 14320 words of font info for 34 fonts, out of 3000000 for 9000
 1025 hyphenation exceptions out of 8191
 103i,17n,103p,3396b,368s stack positions out of 5000i,500n,10000p,200000b,50000s
 <C:\Users\macie_000\Ap
pData\Local\MiKTeX\2.9\fonts\pk\ljfour\jknappen\ec\dpi600\ectt1095.pk> <C:\User
s\macie_000\AppData\Local\MiKTeX\2.9\fonts\pk\ljfour\jknappen\ec\dpi600\ecbx120
0.pk> <C:\Users\macie_000\AppData\Local\MiKTeX\2.9\fonts\pk\ljfour\jknappen\ec\
dpi600\ecrm1095.pk> <C:\Users\macie_000\AppData\Local\MiKTeX\2.9\fonts\pk\ljfou
r\jknappen\ec\dpi600\ecbx1095.pk> <C:\Users\macie_000\AppData\Local\MiKTeX\2.9\
fonts\pk\ljfour\jknappen\ec\dpi600\ecbx1440.pk> <C:\Users\macie_000\AppData\Loc
al\MiKTeX\2.9\fonts\pk\ljfour\jknappen\ec\dpi600\ecrm1440.pk> <C:\Users\macie_0
00\AppData\Local\MiKTeX\2.9\fonts\pk\ljfour\jknappen\ec\dpi600\ecbx2074.pk> <C:
\Users\macie_000\AppData\Local\MiKTeX\2.9\fonts\pk\ljfour\jknappen\ec\dpi600\ec
cc1728.pk> <C:\Users\macie_000\AppData\Local\MiKTeX\2.9\fonts\pk\ljfour\jknappe
n\ec\dpi600\ecrm2074.pk><C:/Program Files (x86)/MiKTeX 2.9/fonts/type1/public/a
msfonts/cm/cmsy10.pfb>
Output written on dokumentacja.pdf (39 pages, 3396858 bytes).
PDF statistics:
 573 PDF objects out of 1000 (max. 8388607)
 0 named destinations out of 1000 (max. 500000)
 121 words of extra memory for PDF output out of 10000 (max. 10000000)

